<?xml version="1.0" encoding="UTF-8"?>
<!-- Generated by org.testng.reporters.JUnitXMLReporter -->
<testsuite hostname="DESKTOP-G9U9536" ignored="0" name="Medium Test" tests="7" failures="0" timestamp="2019-12-06T13:34:51 IST" time="297.98" errors="0">
  <testcase name="validateUserLoginTest" time="4.401" classname="com.training.medium.tests.RTTC031LoginErrorTest"/>
  <testcase name="validateUserLoginTest" time="3.951" classname="com.training.medium.tests.RTTC031LoginErrorTest"/>
  <testcase name="validateUserLoginTest" time="4.193" classname="com.training.medium.tests.RTTC031LoginErrorTest"/>
  <testcase name="validateUserLoginTest" time="3.736" classname="com.training.medium.tests.RTTC031LoginErrorTest"/>
  <testcase name="OrderTestwithoutLogin" time="26.145" classname="com.training.medium.tests.RTTC032CheckoutLoginTest"/>
  <testcase name="OrderTestWithLoginLogin" time="43.381" classname="com.training.medium.tests.RTTC033CheckoutWithLoginTest"/>
  <testcase name="OrderAsGuestUser" time="40.292" classname="com.training.medium.tests.RTTC034OrderAsGuestUserTest"/>
</testsuite> <!-- Medium Test -->
