<?xml version="1.0" encoding="UTF-8"?>
<testng-results skipped="0" failed="0" ignored="0" total="1" passed="1">
  <reporter-output>
  </reporter-output>
  <suite name="Default suite" duration-ms="38842" started-at="2019-11-28T16:53:45 IST" finished-at="2019-11-28T16:54:24 IST">
    <groups>
    </groups>
    <test name="Default test" duration-ms="38842" started-at="2019-11-28T16:53:45 IST" finished-at="2019-11-28T16:54:24 IST">
      <class name="com.training.simple.tests.RegisterUserTest">
        <test-method status="PASS" signature="setUpBeforeClass()[pri:0, instance:com.training.simple.tests.RegisterUserTest@79be0360]" name="setUpBeforeClass" is-config="true" duration-ms="19" started-at="2019-11-28T16:53:45 IST" finished-at="2019-11-28T16:53:45 IST">
          <reporter-output>
          </reporter-output>
        </test-method> <!-- setUpBeforeClass -->
        <test-method status="PASS" signature="setUp()[pri:0, instance:com.training.simple.tests.RegisterUserTest@79be0360]" name="setUp" is-config="true" duration-ms="27350" started-at="2019-11-28T16:53:45 IST" finished-at="2019-11-28T16:54:12 IST">
          <reporter-output>
          </reporter-output>
        </test-method> <!-- setUp -->
        <test-method status="PASS" signature="RegisterUserTest()[pri:0, instance:com.training.simple.tests.RegisterUserTest@79be0360]" name="RegisterUserTest" duration-ms="8981" started-at="2019-11-28T16:54:12 IST" finished-at="2019-11-28T16:54:21 IST">
          <reporter-output>
          </reporter-output>
        </test-method> <!-- RegisterUserTest -->
        <test-method status="PASS" signature="tearDown()[pri:0, instance:com.training.simple.tests.RegisterUserTest@79be0360]" name="tearDown" is-config="true" duration-ms="2428" started-at="2019-11-28T16:54:21 IST" finished-at="2019-11-28T16:54:24 IST">
          <reporter-output>
          </reporter-output>
        </test-method> <!-- tearDown -->
      </class> <!-- com.training.simple.tests.RegisterUserTest -->
    </test> <!-- Default test -->
  </suite> <!-- Default suite -->
</testng-results>
