<?xml version="1.0" encoding="UTF-8"?>
<!-- Generated by org.testng.reporters.JUnitXMLReporter -->
<testsuite hostname="DESKTOP-G9U9536" ignored="0" name="Default test" tests="4" failures="0" timestamp="2019-12-06T14:37:25 IST" time="144.88" errors="0">
  <testcase name="RegisterUserTest" time="8.716" classname="com.training.complex.tests.RTTC063RegisterInvalidUser"/>
  <testcase name="RegisterUserTest" time="8.534" classname="com.training.complex.tests.RTTC063RegisterInvalidUser"/>
  <testcase name="RegisterUserTest" time="7.442" classname="com.training.complex.tests.RTTC063RegisterInvalidUser"/>
  <testcase name="RegisterUserTest" time="7.643" classname="com.training.complex.tests.RTTC063RegisterInvalidUser"/>
</testsuite> <!-- Default test -->
