<?xml version="1.0" encoding="UTF-8"?>
<!-- Generated by org.testng.reporters.JUnitXMLReporter -->
<testsuite hostname="DESKTOP-G9U9536" ignored="0" name="Complex Test" tests="13" failures="0" timestamp="2019-12-06T15:41:58 IST" time="474.173" errors="0">
  <testcase name="RegisterUserTest" time="19.825" classname="com.training.complex.tests.RTTC061RegisterUserDBTest"/>
  <testcase name="RegisterUserTest" time="24.891" classname="com.training.complex.tests.RTTC062MultipleUserRegistrationTest"/>
  <testcase name="RegisterUserTest" time="26.316" classname="com.training.complex.tests.RTTC062MultipleUserRegistrationTest"/>
  <testcase name="RegisterUserTest" time="25.66" classname="com.training.complex.tests.RTTC062MultipleUserRegistrationTest"/>
  <testcase name="RegisterUserTest" time="26.088" classname="com.training.complex.tests.RTTC062MultipleUserRegistrationTest"/>
  <testcase name="RegisterUserTest" time="7.395" classname="com.training.complex.tests.RTTC063RegisterInvalidUser"/>
  <testcase name="RegisterUserTest" time="7.978" classname="com.training.complex.tests.RTTC063RegisterInvalidUser"/>
  <testcase name="RegisterUserTest" time="9.107" classname="com.training.complex.tests.RTTC063RegisterInvalidUser"/>
  <testcase name="RegisterUserTest" time="8.576" classname="com.training.complex.tests.RTTC063RegisterInvalidUser"/>
  <testcase name="addCategory" time="6.961" classname="com.training.complex.tests.RTTC064AdminAddCategory"/>
  <testcase name="addCategory" time="6.777" classname="com.training.complex.tests.RTTC064AdminAddCategory"/>
  <testcase name="addCategory" time="6.607" classname="com.training.complex.tests.RTTC064AdminAddCategory"/>
  <testcase name="addCategory" time="6.982" classname="com.training.complex.tests.RTTC064AdminAddCategory"/>
</testsuite> <!-- Complex Test -->
