<?xml version="1.0" encoding="UTF-8"?>
<!-- Generated by org.testng.reporters.JUnitXMLReporter -->
<testsuite hostname="DESKTOP-G9U9536" ignored="0" name="Sample test" tests="1" failures="0" timestamp="2019-11-25T17:43:08 IST" time="14.327" errors="0">
  <testcase name="@BeforeMethod setUp" time="14.218" classname="com.training.simple.tests.RegisterUserTest">
    <failure type="java.lang.NullPointerException">
      <![CDATA[java.lang.NullPointerException
at com.google.common.base.Preconditions.checkNotNull(Preconditions.java:787)
at org.openqa.selenium.interactions.Actions.<init>(Actions.java:68)
at com.training.pom.RetailHomePOM.<init>(RetailHomePOM.java:24)
at com.training.simple.tests.RegisterUserTest.setUp(RegisterUserTest.java:41)
at java.util.ArrayList.forEach(Unknown Source)
... Removed 31 stack frames]]>
    </failure>
  </testcase> <!-- @BeforeMethod setUp -->
  <testcase name="@AfterMethod tearDown" time="-1.574683988446E9" classname="com.training.simple.tests.RegisterUserTest">
    <skipped/>
  </testcase> <!-- @AfterMethod tearDown -->
  <testcase name="RegisterUserTest" time="0.0" classname="com.training.simple.tests.RegisterUserTest">
    <skipped/>
  </testcase> <!-- RegisterUserTest -->
</testsuite> <!-- Sample test -->
